2018-01-05 10:25:49,640 - com.testingHRM.Module1 -INFO - <<TestStart>>TC101_AddQualificationDetails_WorkExperience
2018-01-05 10:26:16,955 - com.testingHRM.Module1 -INFO - sucusfully launch browser
2018-01-05 10:26:22,027 - com.testingHRM.Module1 -INFO - Able to enter user name 
2018-01-05 10:26:24,601 - com.testingHRM.Module1 -INFO - able to enter password
2018-01-05 10:26:31,650 - com.testingHRM.Module1 -INFO - able to click login butten
2018-01-05 10:26:31,909 - com.testingHRM.Module1 -INFO - AApllication login sucessfull
2018-01-05 10:26:33,841 - com.testingHRM.Module1 -INFO - Able to click on MyInfo
2018-01-05 10:26:44,843 - com.testingHRM.Module1 -INFO - Able to click on Qualifications
2018-01-05 10:26:52,746 - com.testingHRM.Module1 -INFO - Able to click on Add_Workexp
2018-01-05 10:26:57,653 - com.testingHRM.Module1 -INFO - Able to enter Company
2018-01-05 10:27:02,948 - com.testingHRM.Module1 -INFO - Able to enter job title
2018-01-05 10:27:06,035 - com.testingHRM.Module1 -INFO - Able to enter from date 
2018-01-05 10:27:08,675 - com.testingHRM.Module1 -INFO - Able to enter  to date 
2018-01-05 10:27:13,897 - com.testingHRM.Module1 -INFO - Able to enter  Comment 
2018-01-05 10:27:26,071 - com.testingHRM.Module1 -INFO - Able to click on Save button 
2018-01-05 10:27:30,583 - com.testingHRM.Module1 -INFO - Able to click on check box
2018-01-05 10:27:39,150 - com.testingHRM.Module1 -INFO - Able to click on Dlt_Workexp
2018-01-05 10:27:39,493 - com.testingHRM.Module1 -INFO - Records deleted sucessfully
2018-01-05 10:27:44,218 - com.testingHRM.Module1 -INFO - logout
2018-01-05 10:27:44,225 - com.testingHRM.Module1 -INFO - <<TestSuccess>>TC101_AddQualificationDetails_WorkExperience
2018-01-05 10:27:44,225 - com.testingHRM.Module1 -INFO - 
2018-01-05 10:27:44,226 - com.testingHRM.Module1 -INFO - 
2018-01-05 10:27:44,226 - com.testingHRM.Module1 -INFO - 
2018-01-05 10:27:47,396 - com.testingHRM.Module1 -INFO - <<TestStart>>TC102_AddQualificationDetails_Education
2018-01-05 10:28:13,026 - com.testingHRM.Module1 -INFO - sucusfully launch browser
2018-01-05 10:28:17,056 - com.testingHRM.Module1 -INFO - Able to enter user name 
2018-01-05 10:28:20,178 - com.testingHRM.Module1 -INFO - able to enter password
2018-01-05 10:28:27,579 - com.testingHRM.Module1 -INFO - able to click login butten
2018-01-05 10:28:27,762 - com.testingHRM.Module1 -INFO - AApllication login sucessfull
2018-01-05 10:28:30,056 - com.testingHRM.Module1 -INFO - Able to click on MyInfo
2018-01-05 10:28:38,229 - com.testingHRM.Module1 -INFO - Able to click on Qualifications
2018-01-05 10:28:45,735 - com.testingHRM.Module1 -INFO - Able to click on Add_Education
2018-01-05 10:28:50,125 - com.testingHRM.Module1 -INFO - able to click
2018-01-05 10:28:51,806 - com.testingHRM.Module1 -INFO - Able to select levell
2018-01-05 10:28:57,139 - com.testingHRM.Module1 -INFO - Able to enter instute name
2018-01-05 10:29:02,193 - com.testingHRM.Module1 -INFO - Able to enter Specalization 
2018-01-05 10:29:06,908 - com.testingHRM.Module1 -INFO - Able to enter Year 
2018-01-05 10:29:12,131 - com.testingHRM.Module1 -INFO - Able to enter Gpa
2018-01-05 10:29:15,555 - com.testingHRM.Module1 -INFO - Able to enter Start date
2018-01-05 10:29:18,915 - com.testingHRM.Module1 -INFO - Able to enter End date
2018-01-05 10:29:27,475 - com.testingHRM.Module1 -INFO - Able to click on save 
2018-01-05 10:29:31,877 - com.testingHRM.Module1 -INFO - Able to click on Checkbox 
2018-01-05 10:29:39,982 - com.testingHRM.Module1 -INFO - Able to click on Dlt_Education
2018-01-05 10:29:40,260 - com.testingHRM.Module1 -INFO - Records deleted sucessfully
2018-01-05 10:29:47,681 - com.testingHRM.Module1 -INFO - logout
2018-01-05 10:29:47,688 - com.testingHRM.Module1 -INFO - <<TestSuccess>>TC102_AddQualificationDetails_Education
2018-01-05 10:29:47,689 - com.testingHRM.Module1 -INFO - 
2018-01-05 10:29:47,689 - com.testingHRM.Module1 -INFO - 
2018-01-05 10:29:47,690 - com.testingHRM.Module1 -INFO - 
2018-01-05 10:29:50,628 - com.testingHRM.Module1 -INFO - <<TestStart>>TC103_AddQualificationDetails_Skills
2018-01-05 10:30:13,656 - com.testingHRM.Module1 -INFO - sucusfully launch browser
2018-01-05 10:30:18,459 - com.testingHRM.Module1 -INFO - Able to enter user name 
2018-01-05 10:30:21,692 - com.testingHRM.Module1 -INFO - able to enter password
2018-01-05 10:30:28,040 - com.testingHRM.Module1 -INFO - able to click login butten
2018-01-05 10:30:28,245 - com.testingHRM.Module1 -INFO - AApllication login sucessfull
2018-01-05 10:30:30,803 - com.testingHRM.Module1 -INFO - Able to click on MyInfo
2018-01-05 10:30:40,743 - com.testingHRM.Module1 -INFO - Able to click on Qualifications
2018-01-05 10:30:48,372 - com.testingHRM.Module1 -INFO - Able to click on Add_Skill
2018-01-05 10:30:56,684 - com.testingHRM.Module1 -INFO - Abe to select Skill
2018-01-05 10:31:02,264 - com.testingHRM.Module1 -INFO - Able to enter yearexp
2018-01-05 10:31:08,327 - com.testingHRM.Module1 -INFO - Able to enter comment
2018-01-05 10:31:30,222 - com.testingHRM.Module1 -INFO - Able to click save 
2018-01-05 10:31:37,308 - com.testingHRM.Module1 -INFO - Able to click on checkbox
2018-01-05 10:31:47,865 - com.testingHRM.Module1 -INFO - Able to click on Dlt_Skill
2018-01-05 10:31:48,493 - com.testingHRM.Module1 -INFO - Records deleted sucessfully
2018-01-05 10:31:59,256 - com.testingHRM.Module1 -INFO - logout
2018-01-05 10:31:59,266 - com.testingHRM.Module1 -INFO - <<TestSuccess>>TC103_AddQualificationDetails_Skills
2018-01-05 10:31:59,266 - com.testingHRM.Module1 -INFO - 
2018-01-05 10:31:59,267 - com.testingHRM.Module1 -INFO - 
2018-01-05 10:31:59,267 - com.testingHRM.Module1 -INFO - 
2018-01-05 10:32:04,992 - com.testingHRM.Module1 -INFO - <<TestStart>>TC104_AddQualificationDetails_Languages
2018-01-05 10:32:58,389 - com.testingHRM.Module1 -INFO - sucusfully launch browser
2018-01-05 10:33:08,316 - com.testingHRM.Module1 -INFO - Able to enter user name 
2018-01-05 10:33:11,972 - com.testingHRM.Module1 -INFO - able to enter password
2018-01-05 10:33:18,281 - com.testingHRM.Module1 -INFO - able to click login butten
2018-01-05 10:33:18,569 - com.testingHRM.Module1 -INFO - AApllication login sucessfull
2018-01-05 10:33:21,127 - com.testingHRM.Module1 -INFO - Able to click on MyInfo
2018-01-05 10:33:30,829 - com.testingHRM.Module1 -INFO - Able to click on Qualifications
2018-01-05 10:33:38,311 - com.testingHRM.Module1 -INFO - Able to click on Add_Education
2018-01-05 10:34:03,892 - com.testingHRM.Module1 -INFO - <<TestSuccess>>TC104_AddQualificationDetails_Languages
2018-01-05 10:34:03,894 - com.testingHRM.Module1 -INFO - 
2018-01-05 10:34:03,894 - com.testingHRM.Module1 -INFO - 
2018-01-05 10:34:03,895 - com.testingHRM.Module1 -INFO - 
2018-01-05 10:34:04,328 - com.testingHRM.Module1 -INFO - <<TestStart>>TC105_AddQualificationDetails_License
2018-01-05 10:34:36,426 - com.testingHRM.Module1 -INFO - sucusfully launch browser
2018-01-05 10:34:40,418 - com.testingHRM.Module1 -INFO - Able to enter user name 
2018-01-05 10:34:43,424 - com.testingHRM.Module1 -INFO - able to enter password
2018-01-05 10:34:51,050 - com.testingHRM.Module1 -INFO - able to click login butten
2018-01-05 10:34:51,286 - com.testingHRM.Module1 -INFO - AApllication login sucessfull
2018-01-05 10:34:53,172 - com.testingHRM.Module1 -INFO - Able to click on MyInfo
2018-01-05 10:35:02,936 - com.testingHRM.Module1 -INFO - Able to click on Qualifications
2018-01-05 10:35:09,608 - com.testingHRM.Module1 -INFO - Able to click on Add_License
2018-01-05 10:35:12,849 - com.testingHRM.Module1 -INFO - Able to select Licencetype
2018-01-05 10:35:14,869 - com.testingHRM.Module1 -INFO - Able to enter license number
2018-01-05 10:35:29,722 - com.testingHRM.Module1 -INFO - Able to click on save
2018-01-05 10:35:42,014 - com.testingHRM.Module1 -INFO - Able to click on Dlt_License
2018-01-05 10:35:42,281 - com.testingHRM.Module1 -INFO - Records deleted sucessfully
2018-01-05 10:35:49,774 - com.testingHRM.Module1 -INFO - logout
2018-01-05 10:35:49,780 - com.testingHRM.Module1 -INFO - <<TestSuccess>>TC105_AddQualificationDetails_License
2018-01-05 10:35:49,781 - com.testingHRM.Module1 -INFO - 
2018-01-05 10:35:49,781 - com.testingHRM.Module1 -INFO - 
2018-01-05 10:35:49,782 - com.testingHRM.Module1 -INFO - 
